UmengSDK/build/outputs/logs/manifest-merger-debug-report.txt
-- Merging decision tree log ---
manifest
ADDED from Ablesky6.0\UmengSDK\AndroidManifest.xml:1:1-49:12
INJECTED from Ablesky6.0\UmengSDK\AndroidManifest.xml:1:1-49:12
INJECTED from Ablesky6.0\UmengSDK\AndroidManifest.xml:1:1-49:12
INJECTED from Ablesky6.0\UmengSDK\AndroidManifest.xml:1:1-49:12
INJECTED from Ablesky6.0\UmengSDK\AndroidManifest.xml:1:1-49:12
INJECTED from Ablesky6.0\UmengSDK\AndroidManifest.xml:1:1-49:12
INJECTED from Ablesky6.0\UmengSDK\AndroidManifest.xml:1:1-49:12
	package
		ADDED from Ablesky6.0\UmengSDK\AndroidManifest.xml:2:5-43
		INJECTED from Ablesky6.0\UmengSDK\AndroidManifest.xml
		INJECTED from Ablesky6.0\UmengSDK\AndroidManifest.xml
	android:versionName
		ADDED from Ablesky6.0\UmengSDK\AndroidManifest.xml:4:5-30
		INJECTED from Ablesky6.0\UmengSDK\AndroidManifest.xml
		INJECTED from Ablesky6.0\UmengSDK\AndroidManifest.xml
	xmlns:android
		ADDED from Ablesky6.0\UmengSDK\AndroidManifest.xml:1:11-69
	android:versionCode
		ADDED from Ablesky6.0\UmengSDK\AndroidManifest.xml:3:5-28
		INJECTED from Ablesky6.0\UmengSDK\AndroidManifest.xml
		INJECTED from Ablesky6.0\UmengSDK\AndroidManifest.xml
uses-sdk
ADDED from Ablesky6.0\UmengSDK\AndroidManifest.xml:6:5-8:41
	android:targetSdkVersion
		ADDED from Ablesky6.0\UmengSDK\AndroidManifest.xml:8:9-38
	android:minSdkVersion
		ADDED from Ablesky6.0\UmengSDK\AndroidManifest.xml:7:9-35
application
ADDED from Ablesky6.0\UmengSDK\AndroidManifest.xml:10:5-47:19
	android:allowBackup
		ADDED from Ablesky6.0\UmengSDK\AndroidManifest.xml:10:18-44
meta-data#UMENG_APPKEY
ADDED from Ablesky6.0\UmengSDK\AndroidManifest.xml:11:9-14:21
	android:value
		ADDED from Ablesky6.0\UmengSDK\AndroidManifest.xml:13:13-53
	android:name
		ADDED from Ablesky6.0\UmengSDK\AndroidManifest.xml:12:13-40
activity#com.umeng.socialize.media.WBShareCallBackActivity
ADDED from Ablesky6.0\UmengSDK\AndroidManifest.xml:15:9-21:20
	android:screenOrientation
		ADDED from Ablesky6.0\UmengSDK\AndroidManifest.xml:20:13-49
	android:exported
		ADDED from Ablesky6.0\UmengSDK\AndroidManifest.xml:19:13-37
	android:configChanges
		ADDED from Ablesky6.0\UmengSDK\AndroidManifest.xml:17:13-63
	android:theme
		ADDED from Ablesky6.0\UmengSDK\AndroidManifest.xml:18:13-72
	android:name
		ADDED from Ablesky6.0\UmengSDK\AndroidManifest.xml:16:13-77
activity#com.sina.weibo.sdk.share.WbShareTransActivity
ADDED from Ablesky6.0\UmengSDK\AndroidManifest.xml:22:9-30:20
	android:launchMode
		ADDED from Ablesky6.0\UmengSDK\AndroidManifest.xml:24:13-44
	android:theme
		ADDED from Ablesky6.0\UmengSDK\AndroidManifest.xml:23:13-83
	android:name
		ADDED from Ablesky6.0\UmengSDK\AndroidManifest.xml:25:13-73
intent-filter#android.intent.category.DEFAULT+com.sina.weibo.sdk.action.ACTION_SDK_REQ_ACTIVITY
ADDED from Ablesky6.0\UmengSDK\AndroidManifest.xml:26:13-29:29
action#com.sina.weibo.sdk.action.ACTION_SDK_REQ_ACTIVITY
ADDED from Ablesky6.0\UmengSDK\AndroidManifest.xml:27:17-92
	android:name
		ADDED from Ablesky6.0\UmengSDK\AndroidManifest.xml:27:25-89
category#android.intent.category.DEFAULT
ADDED from Ablesky6.0\UmengSDK\AndroidManifest.xml:28:17-76
	android:name
		ADDED from Ablesky6.0\UmengSDK\AndroidManifest.xml:28:27-73
activity#com.tencent.tauth.AuthActivity
ADDED from Ablesky6.0\UmengSDK\AndroidManifest.xml:31:9-41:20
	android:launchMode
		ADDED from Ablesky6.0\UmengSDK\AndroidManifest.xml:33:13-44
	android:noHistory
		ADDED from Ablesky6.0\UmengSDK\AndroidManifest.xml:34:13-37
	android:name
		ADDED from Ablesky6.0\UmengSDK\AndroidManifest.xml:32:13-58
intent-filter#android.intent.action.VIEW+android.intent.category.BROWSABLE+android.intent.category.DEFAULT
ADDED from Ablesky6.0\UmengSDK\AndroidManifest.xml:35:13-40:29
action#android.intent.action.VIEW
ADDED from Ablesky6.0\UmengSDK\AndroidManifest.xml:36:17-69
	android:name
		ADDED from Ablesky6.0\UmengSDK\AndroidManifest.xml:36:25-66
category#android.intent.category.BROWSABLE
ADDED from Ablesky6.0\UmengSDK\AndroidManifest.xml:38:17-78
	android:name
		ADDED from Ablesky6.0\UmengSDK\AndroidManifest.xml:38:27-75
data
ADDED from Ablesky6.0\UmengSDK\AndroidManifest.xml:39:17-59
	android:scheme
		ADDED from Ablesky6.0\UmengSDK\AndroidManifest.xml:39:23-56
activity#com.tencent.connect.common.AssistActivity
ADDED from Ablesky6.0\UmengSDK\AndroidManifest.xml:42:9-46:76
	android:screenOrientation
		ADDED from Ablesky6.0\UmengSDK\AndroidManifest.xml:44:13-49
	android:configChanges
		ADDED from Ablesky6.0\UmengSDK\AndroidManifest.xml:46:13-74
	android:theme
		ADDED from Ablesky6.0\UmengSDK\AndroidManifest.xml:45:13-72
	android:name
		ADDED from Ablesky6.0\UmengSDK\AndroidManifest.xml:43:13-69